[2019-06-14 14:18:58,554]- log.py]- INFO: [32mstart to test test1_login.test_login_pwd (1/6)
[2019-06-14 14:18:58,839]- log.py]- INFO: [32mstart to test test1_login.test_login_pwd (2/6)
[2019-06-14 14:18:59,138]- log.py]- INFO: [32mstart to test test1_login.test_login_pwd (3/6)
[2019-06-14 14:18:59,286]- log.py]- INFO: [32mstart to test test1_login.test_login_pwd (4/6)
[2019-06-14 14:18:59,426]- log.py]- INFO: [32mstart to test test1_login.test_login_pwd (5/6)
[2019-06-14 14:18:59,560]- log.py]- INFO: [32mstart to test test1_login.test_login_pwd (6/6)
[2019-06-14 15:24:55,935]- log.py]- INFO: [32mstart to test test1_login.test_login_pwd (1/6)
[2019-06-14 15:24:56,129]- log.py]- INFO: [32mstart to test test1_login.test_login_pwd (2/6)
[2019-06-14 15:24:56,417]- log.py]- INFO: [32mstart to test test1_login.test_login_pwd (3/6)
[2019-06-14 15:24:56,573]- log.py]- INFO: [32mstart to test test1_login.test_login_pwd (4/6)
[2019-06-14 15:24:56,720]- log.py]- INFO: [32mstart to test test1_login.test_login_pwd (5/6)
[2019-06-14 15:24:56,869]- log.py]- INFO: [32mstart to test test1_login.test_login_pwd (6/6)
[2019-06-14 15:25:21,920]- log.py]- INFO: [32mstart to test test2_creat_user.test_check_user (1/5)
[2019-06-14 15:25:22,082]- log.py]- INFO: [32mstart to test test2_creat_user.test_send_CreatPhone_mess (2/5)
[2019-06-14 15:25:22,578]- log.py]- INFO: [32mstart to test test2_creat_user.test_creat_user (3/5)
[2019-06-14 15:25:22,805]- log.py]- INFO: [32mstart to test test2_creat_user.test_set_user_pwd (4/5)
[2019-06-14 15:25:23,102]- log.py]- INFO: [32mstart to test test2_creat_user.test_login_pwd (5/5)
[2019-06-14 15:27:05,050]- log.py]- INFO: [32mstart to test test3_sms.test_send_sms (1/4)
[2019-06-14 15:27:05,479]- log.py]- INFO: [32mstart to test test3_sms.test_send_sms (2/4)
[2019-06-14 15:27:06,114]- log.py]- INFO: [32mstart to test test3_sms.test_send_sms (3/4)
[2019-06-14 15:27:06,291]- log.py]- INFO: [32mstart to test test3_sms.test_send_sms (4/4)
[2019-06-14 15:38:14,224]- log.py]- INFO: [32mstart to test test2_creat_user.test_check_user (1/5)
[2019-06-14 15:38:14,710]- log.py]- INFO: [32mstart to test test2_creat_user.test_send_CreatPhone_mess (2/5)
[2019-06-14 15:38:15,001]- log.py]- INFO: [32mstart to test test2_creat_user.test_creat_user (3/5)
[2019-06-14 15:38:15,346]- log.py]- INFO: [32mstart to test test2_creat_user.test_set_user_pwd (4/5)
[2019-06-14 15:38:15,667]- log.py]- INFO: [32mstart to test test2_creat_user.test_login_pwd (5/5)
[2019-06-14 16:12:03,150]- log.py]- WARNING: [33mtest4_add_station_spot.test_add_station没有用例描述
[2019-06-14 16:17:10,817]- log.py]- INFO: [32mstart to test test4_add_station_spot.test_add_station (1/1)
[2019-06-14 16:18:33,629]- log.py]- INFO: [32mstart to test test4_add_station_spot.test_add_station (1/1)
[2019-06-14 16:19:32,759]- log.py]- INFO: [32mstart to test test4_add_station_spot.test_add_station (1/1)
[2019-06-14 16:19:50,832]- log.py]- INFO: [32mstart to test test4_add_station_spot.test_add_station (1/1)
[2019-06-14 16:20:18,441]- log.py]- INFO: [32mstart to test test4_add_station_spot.test_add_station (1/1)
